\BOOKMARK [1][-]{section.1}{\376\377\000I\000N\000T\000R\000O\000D\000U\000C\000T\000I\000O\000N}{}% 1
\BOOKMARK [2][-]{subsection.1.1}{\376\377\000I\000n\000t\000r\000o\000d\000u\000c\000t\000i\000o\000n\000\040}{section.1}% 2
\BOOKMARK [2][-]{subsection.1.2}{\376\377\000L\000i\000t\000e\000r\000a\000t\000u\000r\000e\000\040\000R\000e\000v\000i\000e\000w}{section.1}% 3
\BOOKMARK [2][-]{subsection.1.3}{\376\377\000P\000r\000o\000j\000e\000c\000t\000\040\000S\000c\000o\000p\000e}{section.1}% 4
\BOOKMARK [2][-]{subsection.1.4}{\376\377\000P\000r\000o\000b\000l\000e\000m\000\040\000S\000t\000a\000t\000e\000m\000e\000n\000t}{section.1}% 5
\BOOKMARK [2][-]{subsection.1.5}{\376\377\000P\000r\000o\000j\000e\000c\000t\000\040\000O\000b\000j\000e\000c\000t\000i\000v\000e\000s}{section.1}% 6
\BOOKMARK [2][-]{subsection.1.6}{\376\377\000P\000r\000o\000j\000e\000c\000t\000\040\000B\000e\000n\000e\000f\000i\000t\000s}{section.1}% 7
\BOOKMARK [2][-]{subsection.1.7}{\376\377\000P\000r\000o\000j\000e\000c\000t\000\040\000M\000e\000t\000h\000o\000d\000o\000l\000o\000g\000y}{section.1}% 8
\BOOKMARK [2][-]{subsection.1.8}{\376\377\000P\000r\000o\000p\000o\000s\000e\000d\000\040\000W\000o\000r\000k\000i\000n\000g\000\040\000P\000l\000a\000n}{section.1}% 9
\BOOKMARK [2][-]{subsection.1.9}{\376\377\000P\000r\000o\000j\000e\000c\000t\000\040\000C\000o\000n\000s\000t\000r\000a\000i\000n\000t\000s\000\040}{section.1}% 10
\BOOKMARK [2][-]{subsection.1.10}{\376\377\000S\000u\000m\000m\000a\000r\000y}{section.1}% 11
\BOOKMARK [1][-]{section.2}{\376\377\000S\000Y\000S\000T\000E\000M\000\040\000A\000N\000A\000L\000Y\000S\000I\000S\000\040}{}% 12
\BOOKMARK [2][-]{subsection.2.1}{\376\377\000I\000n\000t\000r\000o\000d\000u\000c\000t\000i\000o\000n}{section.2}% 13
\BOOKMARK [2][-]{subsection.2.2}{\376\377\000P\000r\000o\000j\000e\000c\000t\000\040\000I\000m\000p\000l\000e\000m\000e\000n\000t\000a\000t\000i\000o\000n\000\040\000O\000p\000t\000i\000o\000n\000s}{section.2}% 14
\BOOKMARK [2][-]{subsection.2.3}{\376\377\000T\000h\000e\000\040\000P\000r\000o\000p\000o\000s\000e\000d\000\040\000S\000y\000s\000t\000e\000m}{section.2}% 15
\BOOKMARK [2][-]{subsection.2.4}{\376\377\000S\000y\000s\000t\000e\000m\000\040\000R\000e\000q\000u\000i\000r\000e\000m\000e\000n\000t\000s}{section.2}% 16
\BOOKMARK [3][-]{subsubsection.2.4.1}{\376\377\000F\000u\000n\000c\000t\000i\000o\000n\000a\000l\000\040\000r\000e\000q\000u\000i\000r\000e\000m\000e\000n\000t\000s}{subsection.2.4}% 17
\BOOKMARK [3][-]{subsubsection.2.4.2}{\376\377\000N\000o\000n\000-\000f\000u\000n\000c\000t\000i\000o\000n\000a\000l\000\040\000r\000e\000q\000u\000i\000r\000e\000m\000e\000n\000t\000s}{subsection.2.4}% 18
\BOOKMARK [2][-]{subsection.2.5}{\376\377\000F\000e\000a\000s\000i\000b\000i\000l\000i\000t\000y\000\040\000S\000t\000u\000d\000y}{section.2}% 19
\BOOKMARK [3][-]{subsubsection.2.5.1}{\376\377\000E\000c\000o\000n\000o\000m\000i\000c\000\040\000F\000e\000a\000s\000i\000b\000i\000l\000i\000t\000y}{subsection.2.5}% 20
\BOOKMARK [3][-]{subsubsection.2.5.2}{\376\377\000T\000e\000c\000h\000n\000i\000c\000a\000l\000\040\000F\000e\000a\000s\000i\000b\000i\000l\000i\000t\000y\000\040\000S\000t\000u\000d\000y}{subsection.2.5}% 21
\BOOKMARK [3][-]{subsubsection.2.5.3}{\376\377\000H\000u\000m\000a\000n\000\040\000R\000e\000s\000o\000u\000r\000c\000e\000s\000\040\000F\000e\000a\000s\000i\000b\000i\000l\000i\000t\000y\000\040\000S\000t\000u\000d\000y\000\040}{subsection.2.5}% 22
\BOOKMARK [3][-]{subsubsection.2.5.4}{\376\377\000S\000c\000h\000e\000d\000u\000l\000i\000n\000g\000\040\000F\000e\000a\000s\000i\000b\000i\000l\000i\000t\000y\000\040\000S\000t\000u\000d\000y}{subsection.2.5}% 23
\BOOKMARK [2][-]{subsection.2.6}{\376\377\000P\000r\000o\000j\000e\000c\000t\000\040\000A\000d\000d\000e\000d\000\040\000V\000a\000l\000u\000e\000s}{section.2}% 24
\BOOKMARK [2][-]{subsection.2.7}{\376\377\000P\000r\000o\000j\000e\000c\000t\000\040\000M\000a\000n\000a\000g\000e\000m\000e\000n\000t}{section.2}% 25
\BOOKMARK [3][-]{subsubsection.2.7.1}{\376\377\000R\000o\000l\000e\000s\000\040\000a\000n\000d\000\040\000r\000e\000s\000p\000o\000n\000s\000i\000b\000i\000l\000i\000t\000i\000e\000s}{subsection.2.7}% 26
\BOOKMARK [3][-]{subsubsection.2.7.2}{\376\377\000C\000o\000m\000m\000u\000n\000i\000c\000a\000t\000i\000o\000n\000\040\000P\000l\000a\000n}{subsection.2.7}% 27
\BOOKMARK [3][-]{subsubsection.2.7.3}{\376\377\000A\000\040\000c\000o\000n\000f\000l\000i\000c\000t\000\040\000r\000e\000s\000o\000l\000u\000t\000i\000o\000n\000\040\000p\000l\000a\000n}{subsection.2.7}% 28
\BOOKMARK [3][-]{subsubsection.2.7.4}{\376\377\000R\000i\000s\000k\000\040\000m\000a\000n\000a\000g\000e\000m\000e\000n\000t\000\040\000p\000l\000a\000n}{subsection.2.7}% 29
\BOOKMARK [2][-]{subsection.2.8}{\376\377\000S\000u\000m\000m\000a\000r\000y}{section.2}% 30
\BOOKMARK [1][-]{section.3}{\376\377\000S\000Y\000S\000T\000E\000M\000\040\000F\000U\000N\000C\000T\000I\000O\000N\000A\000L\000\040\000R\000E\000Q\000U\000I\000R\000E\000M\000E\000N\000T\000S\000\040\000A\000N\000A\000L\000Y\000S\000I\000S}{}% 31
\BOOKMARK [2][-]{subsection.3.1}{\376\377\000I\000n\000t\000r\000o\000d\000u\000c\000t\000i\000o\000n}{section.3}% 32
\BOOKMARK [2][-]{subsection.3.2}{\376\377\000C\000o\000n\000t\000e\000x\000t\000\040\000a\000n\000d\000\040\000U\000s\000e\000-\000C\000a\000s\000e\000\040\000D\000i\000a\000g\000r\000a\000m\000s}{section.3}% 33
\BOOKMARK [2][-]{subsection.3.3}{\376\377\000F\000u\000n\000c\000t\000i\000o\000n\000a\000l\000\040\000R\000e\000q\000u\000i\000r\000e\000m\000e\000n\000t\000\040\000D\000e\000s\000c\000r\000i\000p\000t\000i\000o\000n}{section.3}% 34
\BOOKMARK [2][-]{subsection.3.4}{\376\377\000S\000u\000m\000m\000a\000r\000y}{section.3}% 35
\BOOKMARK [1][-]{section.4}{\376\377\000S\000Y\000S\000T\000E\000M\000\040\000D\000E\000S\000I\000G\000N}{}% 36
\BOOKMARK [2][-]{subsection.4.1}{\376\377\000I\000n\000t\000r\000o\000d\000u\000c\000t\000i\000o\000n}{section.4}% 37
\BOOKMARK [3][-]{subsubsection.4.1.1}{\376\377\000A\000l\000g\000o\000r\000i\000t\000h\000m\000s}{subsection.4.1}% 38
\BOOKMARK [3][-]{subsubsection.4.1.2}{\376\377\000P\000s\000e\000u\000d\000o\000C\000o\000d\000e}{subsection.4.1}% 39
\BOOKMARK [2][-]{subsection.4.2}{\376\377\000C\000l\000a\000s\000s\000\040\000D\000i\000a\000g\000r\000a\000m}{section.4}% 40
\BOOKMARK [2][-]{subsection.4.3}{\376\377\000S\000e\000q\000u\000e\000n\000c\000e\000\040\000D\000i\000a\000g\000r\000a\000m\000s}{section.4}% 41
\BOOKMARK [2][-]{subsection.4.4}{\376\377\000E\000n\000t\000i\000t\000y\000\040\000R\000e\000l\000a\000t\000i\000o\000n\000s\000h\000i\000p\000\040\000D\000i\000a\000g\000r\000a\000m\000\040\000\050\000E\000R\000D\000\051}{section.4}% 42
\BOOKMARK [2][-]{subsection.4.5}{\376\377\000F\000u\000n\000c\000t\000i\000o\000n\000s\000\040\000D\000e\000s\000i\000g\000n\000\040\000a\000n\000d\000\040\000A\000c\000t\000i\000v\000i\000t\000y\000\040\000D\000i\000a\000g\000r\000a\000m\000s}{section.4}% 43
\BOOKMARK [2][-]{subsection.4.6}{\376\377\000I\000n\000p\000u\000t\000/\000\040\000O\000u\000t\000p\000u\000t\000\040\000D\000e\000s\000i\000g\000n}{section.4}% 44
\BOOKMARK [2][-]{subsection.4.7}{\376\377\000S\000u\000m\000m\000a\000r\000y}{section.4}% 45
\BOOKMARK [1][-]{section.5}{\376\377\000S\000Y\000S\000T\000E\000M\000\040\000D\000E\000V\000E\000L\000O\000P\000M\000E\000N\000T}{}% 46
\BOOKMARK [2][-]{subsection.5.1}{\376\377\000I\000n\000t\000r\000o\000d\000u\000c\000t\000i\000o\000n}{section.5}% 47
\BOOKMARK [2][-]{subsection.5.2}{\376\377\000U\000s\000e\000r\000\040\000I\000n\000t\000e\000r\000f\000a\000c\000e\000s}{section.5}% 48
\BOOKMARK [2][-]{subsection.5.3}{\376\377\000S\000u\000m\000m\000a\000r\000y}{section.5}% 49
\BOOKMARK [1][-]{section.6}{\376\377\000T\000E\000S\000T\000I\000N\000G}{}% 50
\BOOKMARK [2][-]{subsection.6.1}{\376\377\000I\000n\000t\000r\000o\000d\000u\000c\000t\000i\000o\000n}{section.6}% 51
\BOOKMARK [2][-]{subsection.6.2}{\376\377\000S\000y\000s\000t\000e\000m\000\040\000T\000e\000s\000t\000i\000n\000g}{section.6}% 52
\BOOKMARK [2][-]{subsection.6.3}{\376\377\000S\000y\000s\000t\000e\000m\000\040\000I\000n\000t\000e\000g\000r\000a\000t\000i\000o\000n}{section.6}% 53
\BOOKMARK [2][-]{subsection.6.4}{\376\377\000S\000y\000s\000t\000e\000m\000\040\000T\000e\000s\000t\000i\000n\000g\000\040\000R\000e\000s\000u\000l\000t}{section.6}% 54
\BOOKMARK [2][-]{subsection.6.5}{\376\377\000S\000u\000m\000m\000a\000r\000y}{section.6}% 55
\BOOKMARK [1][-]{section.7}{\376\377\000C\000O\000N\000C\000L\000U\000S\000I\000O\000N\000\040\000A\000N\000D\000\040\000F\000U\000T\000U\000R\000E\000\040\000W\000O\000R\000K\000S}{}% 56
\BOOKMARK [2][-]{subsection.7.1}{\376\377\000C\000o\000n\000c\000l\000u\000s\000i\000o\000n}{section.7}% 57
\BOOKMARK [2][-]{subsection.7.2}{\376\377\000F\000u\000t\000u\000r\000e\000\040\000W\000o\000r\000k\000s}{section.7}% 58
